e:\comp 345\assignment1\assignment1\debug\vc120.pdb
e:\comp 345\assignment1\assignment1\debug\vc120.idb
e:\comp 345\assignment1\assignment1\debug\card.obj
e:\comp 345\assignment1\assignment1\debug\driver.obj
e:\comp 345\assignment1\assignment1\debug\pawn.obj
e:\comp 345\assignment1\assignment1\debug\cities.obj
e:\comp 345\assignment1\assignment1\debug\player.obj
f:\comp 345\assignment1\assignment1\debug\vc140.pdb
f:\comp 345\assignment1\assignment1\debug\vc140.idb
f:\comp 345\assignment1\assignment1\debug\card.obj
f:\comp 345\assignment1\assignment1\debug\cities.obj
f:\comp 345\assignment1\assignment1\debug\driver.obj
f:\comp 345\assignment1\assignment1\debug\pawn.obj
f:\comp 345\assignment1\assignment1\debug\player.obj
e:\comp 345\assignment1\debug\assignment1.ilk
e:\comp 345\assignment1\debug\assignment1.exe
e:\comp 345\assignment1\debug\assignment1.pdb
f:\comp 345\assignment1\debug\assignment1.ilk
f:\comp 345\assignment1\debug\assignment1.exe
f:\comp 345\assignment1\debug\assignment1.pdb
c:\users\the phi\documents\project_comp_346\345_california\assignment1\assignment1\debug\card.obj
c:\users\the phi\documents\project_comp_346\345_california\assignment1\assignment1\debug\cities.obj
c:\users\the phi\documents\project_comp_346\345_california\assignment1\assignment1\debug\driver.obj
c:\users\the phi\documents\project_comp_346\345_california\assignment1\assignment1\debug\pawn.obj
c:\users\the phi\documents\project_comp_346\345_california\assignment1\assignment1\debug\player.obj
c:\users\the phi\documents\project_comp_346\345_california\assignment1\assignment1\debug\vc120.idb
c:\users\the phi\documents\project_comp_346\345_california\assignment1\assignment1\debug\vc140.idb
c:\users\the phi\documents\project_comp_346\345_california\assignment1\assignment1\debug\vc120.pdb
c:\users\the phi\documents\project_comp_346\345_california\assignment1\assignment1\debug\vc140.pdb
c:\users\the phi\documents\project_comp_346\345_california\assignment1\debug\assignment1.pdb
c:\users\the phi\documents\project_comp_346\345_california\assignment1\debug\assignment1.exe
c:\users\the phi\documents\project_comp_346\345_california\assignment1\debug\assignment1.ilk
c:\users\the phi\documents\project_comp_346\345_california\assignment1\assignment1\debug\assignment1.tlog\cl.command.1.tlog
c:\users\the phi\documents\project_comp_346\345_california\assignment1\assignment1\debug\assignment1.tlog\cl.read.1.tlog
c:\users\the phi\documents\project_comp_346\345_california\assignment1\assignment1\debug\assignment1.tlog\cl.write.1.tlog
c:\users\the phi\documents\project_comp_346\345_california\assignment1\assignment1\debug\assignment1.tlog\link.command.1.tlog
c:\users\the phi\documents\project_comp_346\345_california\assignment1\assignment1\debug\assignment1.tlog\link.read.1.tlog
c:\users\the phi\documents\project_comp_346\345_california\assignment1\assignment1\debug\assignment1.tlog\link.write.1.tlog
